==3753== Memcheck, a memory error detector
==3753== Copyright (C) 2002-2011, and GNU GPL'd, by Julian Seward et al.
==3753== Using Valgrind-3.7.0 and LibVEX; rerun with -h for copyright info
==3753== Command: ./optimizer --start=start_point.in --function=f3 --algo=hooke --fparams=f3_params.in
==3753== 
Rjesenje: (2,3,0,8,-1)
==3753== 
==3753== HEAP SUMMARY:
==3753==     in use at exit: 64 bytes in 1 blocks
==3753==   total heap usage: 73 allocs, 72 frees, 20,796 bytes allocated
==3753== 
==3753== 64 bytes in 1 blocks are definitely lost in loss record 1 of 1
==3753==    at 0x4C2AF8E: operator new(unsigned long) (in /usr/lib/valgrind/vgpreload_memcheck-amd64-linux.so)
==3753==    by 0x4037FF: F3::F3(std::string) (in /home/darx/FER/Projects/C++/APR/DZ2/optimizer)
==3753==    by 0x40234F: main (in /home/darx/FER/Projects/C++/APR/DZ2/optimizer)
==3753== 
==3753== LEAK SUMMARY:
==3753==    definitely lost: 64 bytes in 1 blocks
==3753==    indirectly lost: 0 bytes in 0 blocks
==3753==      possibly lost: 0 bytes in 0 blocks
==3753==    still reachable: 0 bytes in 0 blocks
==3753==         suppressed: 0 bytes in 0 blocks
==3753== 
==3753== For counts of detected and suppressed errors, rerun with: -v
==3753== ERROR SUMMARY: 1 errors from 1 contexts (suppressed: 2 from 2)
